<?xml version="1.0" encoding="UTF-8"?>
<testng-results ignored="0" total="2" passed="2" failed="0" skipped="0">
  <reporter-output>
  </reporter-output>
  <suite started-at="2024-10-17T17:20:52 IST" name="Default suite" finished-at="2024-10-17T17:20:52 IST" duration-ms="329">
    <groups>
    </groups>
    <test started-at="2024-10-17T17:20:52 IST" name="Default test" finished-at="2024-10-17T17:20:52 IST" duration-ms="329">
      <class name="TestNGPackage.TestNG1">
        <test-method signature="f()[pri:0, instance:TestNGPackage.TestNG1@7e057f43]" started-at="2024-10-17T17:20:52 IST" name="f" finished-at="2024-10-17T17:20:52 IST" duration-ms="31" status="PASS">
          <reporter-output>
          </reporter-output>
        </test-method> <!-- f -->
        <test-method signature="f1()[pri:0, instance:TestNGPackage.TestNG1@7e057f43]" started-at="2024-10-17T17:20:52 IST" name="f1" finished-at="2024-10-17T17:20:52 IST" duration-ms="6" status="PASS">
          <reporter-output>
          </reporter-output>
        </test-method> <!-- f1 -->
      </class> <!-- TestNGPackage.TestNG1 -->
    </test> <!-- Default test -->
  </suite> <!-- Default suite -->
</testng-results>
